dirpath None
commutators path: None
The FCIenergy from integrals file is: -37.5928560993
commutators path: None
The FCIenergy from integrals file is: -37.5928560993
commutators path: None
The FCIenergy from integrals file is: -37.5928560993
Number of terms 155
terms: [[1, -1], [2, -2], [3, -3], [4, -4], [5, -5], [6, -6], [7, -7], [8, -8], [9, -9], [10, -10], [2, 1, -1, -2], [3, 1, -1, -3], [3, 2, -2, -3], [4, 1, -1, -4], [4, 2, -2, -4], [4, 3, -3, -4], [5, 1, -1, -5], [5, 2, -2, -5], [5, 3, -3, -5], [5, 4, -4, -5], [6, 1, -1, -6], [6, 2, -2, -6], [6, 3, -3, -6], [6, 4, -4, -6], [6, 5, -5, -6], [7, 1, -1, -7], [7, 2, -2, -7], [7, 3, -3, -7], [7, 4, -4, -7], [7, 5, -5, -7], [7, 6, -6, -7], [8, 1, -1, -8], [8, 2, -2, -8], [8, 3, -3, -8], [8, 4, -4, -8], [8, 5, -5, -8], [8, 6, -6, -8], [8, 7, -7, -8], [9, 1, -1, -9], [9, 2, -2, -9], [9, 3, -3, -9], [9, 4, -4, -9], [9, 5, -5, -9], [9, 6, -6, -9], [9, 7, -7, -9], [9, 8, -8, -9], [10, 1, -1, -10], [10, 2, -2, -10], [10, 3, -3, -10], [10, 4, -4, -10], [10, 5, -5, -10], [10, 6, -6, -10], [10, 7, -7, -10], [10, 8, -8, -10], [10, 9, -9, -10], [1, -3], [2, -4], [2, 1, -1, -4], [3, -1], [4, -2], [4, 1, -1, -2], [2, 1, -2, -3], [2, 1, -3, -4], [2, 1, -5, -6], [2, 1, -7, -8], [2, 1, -9, -10], [3, 2, -1, -2], [3, 2, -1, -4], [3, 2, -3, -4], [3, 2, -5, -6], [3, 2, -7, -8], [3, 2, -9, -10], [4, 1, -2, -3], [4, 1, -3, -4], [4, 1, -5, -6], [4, 1, -7, -8], [4, 1, -9, -10], [4, 3, -1, -2], [4, 3, -1, -4], [4, 3, -2, -3], [4, 3, -5, -6], [4, 3, -7, -8], [4, 3, -9, -10], [5, 1, -3, -5], [5, 2, -1, -6], [5, 2, -3, -6], [5, 2, -4, -5], [5, 3, -1, -5], [5, 4, -1, -6], [5, 4, -2, -5], [5, 4, -3, -6], [6, 1, -2, -5], [6, 1, -3, -6], [6, 1, -4, -5], [6, 2, -4, -6], [6, 3, -1, -6], [6, 3, -2, -5], [6, 3, -4, -5], [6, 4, -2, -6], [6, 5, -1, -2], [6, 5, -1, -4], [6, 5, -2, -3], [6, 5, -3, -4], [6, 5, -7, -8], [6, 5, -9, -10], [7, 1, -3, -7], [7, 2, -1, -8], [7, 2, -3, -8], [7, 2, -4, -7], [7, 3, -1, -7], [7, 4, -1, -8], [7, 4, -2, -7], [7, 4, -3, -8], [7, 6, -5, -8], [8, 1, -2, -7], [8, 1, -3, -8], [8, 1, -4, -7], [8, 2, -4, -8], [8, 3, -1, -8], [8, 3, -2, -7], [8, 3, -4, -7], [8, 4, -2, -8], [8, 5, -6, -7], [8, 7, -1, -2], [8, 7, -1, -4], [8, 7, -2, -3], [8, 7, -3, -4], [8, 7, -5, -6], [8, 7, -9, -10], [9, 1, -3, -9], [9, 2, -1, -10], [9, 2, -3, -10], [9, 2, -4, -9], [9, 3, -1, -9], [9, 4, -1, -10], [9, 4, -2, -9], [9, 4, -3, -10], [9, 6, -5, -10], [9, 8, -7, -10], [10, 1, -2, -9], [10, 1, -3, -10], [10, 1, -4, -9], [10, 2, -4, -10], [10, 3, -1, -10], [10, 3, -2, -9], [10, 3, -4, -9], [10, 4, -2, -10], [10, 5, -6, -9], [10, 7, -8, -9], [10, 9, -1, -2], [10, 9, -1, -4], [10, 9, -2, -3], [10, 9, -3, -4], [10, 9, -5, -6], [10, 9, -7, -8]]
n orbitals: 10
['CMO']
CMO
the minimum energy in the energy vector is: -37.5928560869 -37.5928560869
  (0, 0)	-5.76736763182e-18
  (1, 0)	1.76172869508e-20
  (2, 0)	-2.27391705481e-17
  (3, 0)	-3.40454579969e-18
  (4, 0)	4.18262846606e-18
  (5, 0)	9.79611166795e-19
  (6, 0)	4.46152404183e-18
  (7, 0)	1.73669112391e-18
  (8, 0)	-5.66744152347e-19
  (9, 0)	-1.46021631985e-18
  (10, 0)	3.73946940285e-18
  (11, 0)	-3.53620347878e-18
  (12, 0)	8.08128844744e-19
  (13, 0)	3.68227647673e-18
  (14, 0)	4.13308515764e-18
  (15, 0)	-2.17172171527e-18
  (16, 0)	-1.98348895285e-17
  (17, 0)	1.18880194369e-19
  (18, 0)	1.29413956972e-19
  (19, 0)	-3.49965599849e-18
  (20, 0)	-2.64658551891e-18
  (21, 0)	-4.69359856981e-18
  (22, 0)	1.9125585219e-18
  (23, 0)	-7.56919458071e-18
  (24, 0)	-3.6982773136e-18
  :	:
  (999, 0)	8.03924770765e-16
  (1000, 0)	-0.213239309633
  (1001, 0)	-4.50233395475e-15
  (1002, 0)	-5.54042891735e-15
  (1003, 0)	6.41280763766e-15
  (1004, 0)	5.45844723067e-15
  (1005, 0)	9.23819334706e-16
  (1006, 0)	-6.14229243964e-15
  (1007, 0)	-6.77112661669e-16
  (1008, 0)	2.31794182519e-14
  (1009, 0)	5.56166178083e-15
  (1010, 0)	-7.20187276296e-15
  (1011, 0)	-1.40165011058e-15
  (1012, 0)	-4.84913772892e-15
  (1013, 0)	-2.09798315146e-15
  (1014, 0)	3.54115902378e-15
  (1015, 0)	-1.90270934295e-16
  (1016, 0)	-7.80213707313e-15
  (1017, 0)	-8.73248507725e-16
  (1018, 0)	1.93445820963e-16
  (1019, 0)	-1.09127149526e-16
  (1020, 0)	6.28319958192e-16
  (1021, 0)	5.96972663559e-16
  (1022, 0)	-8.67899127045e-16
  (1023, 0)	-9.21191484584e-17
the minimum energy in the energy vector is: -37.5928560868 -37.5928560868
  (0, 0)	4.45203733179e-18
  (1, 0)	-7.1369320297e-19
  (2, 0)	-1.49290093949e-18
  (3, 0)	-2.28826985863e-20
  (4, 0)	-1.74404137224e-18
  (5, 0)	-4.81422594863e-19
  (6, 0)	6.628227036e-19
  (7, 0)	-1.3928972905e-19
  (8, 0)	2.19043600896e-19
  (9, 0)	-2.14665031197e-19
  (10, 0)	3.02473105153e-20
  (11, 0)	-2.7825219719e-19
  (12, 0)	6.63419935093e-19
  (13, 0)	1.50301372043e-19
  (14, 0)	9.85663407269e-20
  (15, 0)	1.63275794526e-19
  (16, 0)	-1.70144249346e-18
  (17, 0)	-5.75218409932e-19
  (18, 0)	-1.38426059884e-19
  (19, 0)	1.22792663985e-18
  (20, 0)	-1.51352150656e-18
  (21, 0)	1.8712807716e-19
  (22, 0)	-3.00185108498e-19
  (23, 0)	-2.33859349352e-19
  (24, 0)	-2.10985485637e-19
  :	:
  (999, 0)	1.30139155425e-18
  (1000, 0)	-9.83287151503e-13
  (1001, 0)	-1.15931838003e-18
  (1002, 0)	-2.1426793995e-19
  (1003, 0)	-2.13821999432e-19
  (1004, 0)	-5.9431321238e-19
  (1005, 0)	9.38469579964e-20
  (1006, 0)	4.32860749952e-19
  (1007, 0)	-4.39947833459e-19
  (1008, 0)	2.83086978712e-13
  (1009, 0)	-9.39840380428e-19
  (1010, 0)	8.18948525015e-19
  (1011, 0)	9.42284257139e-19
  (1012, 0)	-1.77610805906e-19
  (1013, 0)	1.36423383124e-20
  (1014, 0)	-4.12999608184e-19
  (1015, 0)	2.5909346317e-19
  (1016, 0)	9.12795294022e-19
  (1017, 0)	1.1650937819e-18
  (1018, 0)	1.02785462537e-18
  (1019, 0)	6.82303763153e-19
  (1020, 0)	-2.46320534271e-19
  (1021, 0)	5.01614627592e-19
  (1022, 0)	2.34693546107e-19
  (1023, 0)	-1.37273048364e-20
['CMO']
electrons: 6
cosa1 (1,)
cosa2 (7,)
cosa2 (8,)
cosa2 (9,)
cosa2 (10,)
cosa1 (2,)
cosa2 (7,)
cosa2 (8,)
cosa2 (9,)
cosa2 (10,)
cosa1 (3,)
cosa2 (7,)
cosa2 (8,)
cosa2 (9,)
cosa2 (10,)
cosa1 (4,)
cosa2 (7,)
cosa2 (8,)
cosa2 (9,)
cosa2 (10,)
cosa1 (5,)
cosa2 (7,)
cosa2 (8,)
cosa2 (9,)
cosa2 (10,)
cosa1 (6,)
cosa2 (7,)
cosa2 (8,)
cosa2 (9,)
cosa2 (10,)
cosa1 (1, 2)
cosa2 (7, 8)
cosa2 (7, 9)
cosa2 (7, 10)
cosa2 (8, 9)
cosa2 (8, 10)
cosa2 (9, 10)
cosa1 (1, 3)
cosa2 (7, 8)
cosa2 (7, 9)
cosa2 (7, 10)
cosa2 (8, 9)
cosa2 (8, 10)
cosa2 (9, 10)
cosa1 (1, 4)
cosa2 (7, 8)
cosa2 (7, 9)
cosa2 (7, 10)
cosa2 (8, 9)
cosa2 (8, 10)
cosa2 (9, 10)
cosa1 (1, 5)
cosa2 (7, 8)
cosa2 (7, 9)
cosa2 (7, 10)
cosa2 (8, 9)
cosa2 (8, 10)
cosa2 (9, 10)
cosa1 (1, 6)
cosa2 (7, 8)
cosa2 (7, 9)
cosa2 (7, 10)
cosa2 (8, 9)
cosa2 (8, 10)
cosa2 (9, 10)
cosa1 (2, 3)
cosa2 (7, 8)
cosa2 (7, 9)
cosa2 (7, 10)
cosa2 (8, 9)
cosa2 (8, 10)
cosa2 (9, 10)
cosa1 (2, 4)
cosa2 (7, 8)
cosa2 (7, 9)
cosa2 (7, 10)
cosa2 (8, 9)
cosa2 (8, 10)
cosa2 (9, 10)
cosa1 (2, 5)
cosa2 (7, 8)
cosa2 (7, 9)
cosa2 (7, 10)
cosa2 (8, 9)
cosa2 (8, 10)
cosa2 (9, 10)
cosa1 (2, 6)
cosa2 (7, 8)
cosa2 (7, 9)
cosa2 (7, 10)
cosa2 (8, 9)
cosa2 (8, 10)
cosa2 (9, 10)
cosa1 (3, 4)
cosa2 (7, 8)
cosa2 (7, 9)
cosa2 (7, 10)
cosa2 (8, 9)
cosa2 (8, 10)
cosa2 (9, 10)
cosa1 (3, 5)
cosa2 (7, 8)
cosa2 (7, 9)
cosa2 (7, 10)
cosa2 (8, 9)
cosa2 (8, 10)
cosa2 (9, 10)
cosa1 (3, 6)
cosa2 (7, 8)
cosa2 (7, 9)
cosa2 (7, 10)
cosa2 (8, 9)
cosa2 (8, 10)
cosa2 (9, 10)
cosa1 (4, 5)
cosa2 (7, 8)
cosa2 (7, 9)
cosa2 (7, 10)
cosa2 (8, 9)
cosa2 (8, 10)
cosa2 (9, 10)
cosa1 (4, 6)
cosa2 (7, 8)
cosa2 (7, 9)
cosa2 (7, 10)
cosa2 (8, 9)
cosa2 (8, 10)
cosa2 (9, 10)
cosa1 (5, 6)
cosa2 (7, 8)
cosa2 (7, 9)
cosa2 (7, 10)
cosa2 (8, 9)
cosa2 (8, 10)
cosa2 (9, 10)
operators: [[7, -1], [8, -1], [9, -1], [10, -1], [7, -2], [8, -2], [9, -2], [10, -2], [7, -3], [8, -3], [9, -3], [10, -3], [7, -4], [8, -4], [9, -4], [10, -4], [7, -5], [8, -5], [9, -5], [10, -5], [7, -6], [8, -6], [9, -6], [10, -6], [8, 7, -2, -1], [9, 7, -2, -1], [10, 7, -2, -1], [9, 8, -2, -1], [10, 8, -2, -1], [10, 9, -2, -1], [8, 7, -3, -1], [9, 7, -3, -1], [10, 7, -3, -1], [9, 8, -3, -1], [10, 8, -3, -1], [10, 9, -3, -1], [8, 7, -4, -1], [9, 7, -4, -1], [10, 7, -4, -1], [9, 8, -4, -1], [10, 8, -4, -1], [10, 9, -4, -1], [8, 7, -5, -1], [9, 7, -5, -1], [10, 7, -5, -1], [9, 8, -5, -1], [10, 8, -5, -1], [10, 9, -5, -1], [8, 7, -6, -1], [9, 7, -6, -1], [10, 7, -6, -1], [9, 8, -6, -1], [10, 8, -6, -1], [10, 9, -6, -1], [8, 7, -3, -2], [9, 7, -3, -2], [10, 7, -3, -2], [9, 8, -3, -2], [10, 8, -3, -2], [10, 9, -3, -2], [8, 7, -4, -2], [9, 7, -4, -2], [10, 7, -4, -2], [9, 8, -4, -2], [10, 8, -4, -2], [10, 9, -4, -2], [8, 7, -5, -2], [9, 7, -5, -2], [10, 7, -5, -2], [9, 8, -5, -2], [10, 8, -5, -2], [10, 9, -5, -2], [8, 7, -6, -2], [9, 7, -6, -2], [10, 7, -6, -2], [9, 8, -6, -2], [10, 8, -6, -2], [10, 9, -6, -2], [8, 7, -4, -3], [9, 7, -4, -3], [10, 7, -4, -3], [9, 8, -4, -3], [10, 8, -4, -3], [10, 9, -4, -3], [8, 7, -5, -3], [9, 7, -5, -3], [10, 7, -5, -3], [9, 8, -5, -3], [10, 8, -5, -3], [10, 9, -5, -3], [8, 7, -6, -3], [9, 7, -6, -3], [10, 7, -6, -3], [9, 8, -6, -3], [10, 8, -6, -3], [10, 9, -6, -3], [8, 7, -5, -4], [9, 7, -5, -4], [10, 7, -5, -4], [9, 8, -5, -4], [10, 8, -5, -4], [10, 9, -5, -4], [8, 7, -6, -4], [9, 7, -6, -4], [10, 7, -6, -4], [9, 8, -6, -4], [10, 8, -6, -4], [10, 9, -6, -4], [8, 7, -6, -5], [9, 7, -6, -5], [10, 7, -6, -5], [9, 8, -6, -5], [10, 8, -6, -5], [10, 9, -6, -5]]
[7, -1]
[8, -1]
[9, -1]
[10, -1]
[7, -2]
[8, -2]
[9, -2]
[10, -2]
[7, -3]
[8, -3]
[9, -3]
[10, -3]
[7, -4]
[8, -4]
[9, -4]
[10, -4]
[7, -5]
[8, -5]
[9, -5]
[10, -5]
[7, -6]
[8, -6]
[9, -6]
[10, -6]
[8, 7, -2, -1]
[9, 7, -2, -1]
[10, 7, -2, -1]
[9, 8, -2, -1]
[10, 8, -2, -1]
[10, 9, -2, -1]
[8, 7, -3, -1]
[9, 7, -3, -1]
[10, 7, -3, -1]
[9, 8, -3, -1]
[10, 8, -3, -1]
[10, 9, -3, -1]
[8, 7, -4, -1]
[9, 7, -4, -1]
[10, 7, -4, -1]
[9, 8, -4, -1]
[10, 8, -4, -1]
[10, 9, -4, -1]
[8, 7, -5, -1]
[9, 7, -5, -1]
[10, 7, -5, -1]
[9, 8, -5, -1]
[10, 8, -5, -1]
[10, 9, -5, -1]
[8, 7, -6, -1]
[9, 7, -6, -1]
[10, 7, -6, -1]
[9, 8, -6, -1]
[10, 8, -6, -1]
[10, 9, -6, -1]
[8, 7, -3, -2]
[9, 7, -3, -2]
[10, 7, -3, -2]
[9, 8, -3, -2]
[10, 8, -3, -2]
[10, 9, -3, -2]
[8, 7, -4, -2]
[9, 7, -4, -2]
[10, 7, -4, -2]
[9, 8, -4, -2]
[10, 8, -4, -2]
[10, 9, -4, -2]
[8, 7, -5, -2]
[9, 7, -5, -2]
[10, 7, -5, -2]
[9, 8, -5, -2]
[10, 8, -5, -2]
[10, 9, -5, -2]
[8, 7, -6, -2]
[9, 7, -6, -2]
[10, 7, -6, -2]
[9, 8, -6, -2]
[10, 8, -6, -2]
[10, 9, -6, -2]
[8, 7, -4, -3]
[9, 7, -4, -3]
[10, 7, -4, -3]
[9, 8, -4, -3]
[10, 8, -4, -3]
[10, 9, -4, -3]
[8, 7, -5, -3]
[9, 7, -5, -3]
[10, 7, -5, -3]
[9, 8, -5, -3]
[10, 8, -5, -3]
[10, 9, -5, -3]
[8, 7, -6, -3]
[9, 7, -6, -3]
[10, 7, -6, -3]
[9, 8, -6, -3]
[10, 8, -6, -3]
[10, 9, -6, -3]
[8, 7, -5, -4]
[9, 7, -5, -4]
[10, 7, -5, -4]
[9, 8, -5, -4]
[10, 8, -5, -4]
[10, 9, -5, -4]
[8, 7, -6, -4]
[9, 7, -6, -4]
[10, 7, -6, -4]
[9, 8, -6, -4]
[10, 8, -6, -4]
[10, 9, -6, -4]
[8, 7, -6, -5]
[9, 7, -6, -5]
[10, 7, -6, -5]
[9, 8, -6, -5]
[10, 8, -6, -5]
[10, 9, -6, -5]
[array(-5.049247021630236e-17), array(-2.8292093365563304e-17), array(1.946007729407435e-17), array(-1.3605352689866656e-16), array(2.8268685600953403e-17), array(1.858699029411714e-18), array(8.779299073929317e-17), array(-3.780489337684207e-17), array(-9.36388601392755e-15), array(-3.959155981123231e-15), array(9.851323060186382e-16), array(-1.5307868388741833e-14), array(2.6023241577386944e-15), array(-3.5315701374884454e-15), array(1.0340740375200445e-14), array(-5.352404165324913e-15), array(1.2566338428720646e-12), array(2.6523495953913233e-14), array(-7.952733073996007e-13), array(-1.001274920037932e-12), array(-1.9764689455314552e-13), array(2.510883544959563e-12), array(3.190283074592894e-13), array(2.9614279037077646e-12), array(4.040765590774582e-28), array(-1.502246521848833e-16), array(-7.512433205231808e-17), array(-7.512433205269884e-17), array(2.441634179999537e-16), array(-2.3260889736300844e-28), array(6.584745903119791e-30), array(-1.0645336629628384e-16), array(1.7160581501925317e-16), array(1.7160581501928642e-16), array(3.896500897457698e-19), array(9.397667791013637e-31), array(9.778093887307263e-28), array(-2.646224127400883e-16), array(-1.8540237676129214e-16), array(-1.8540237676225418e-16), array(7.745330487990122e-16), array(-5.791851469748602e-28), array(-2.441480508994112e-28), array(3.405606843431736e-20), array(1.0614417490738724e-20), array(1.0614417710338956e-20), array(-2.1510932296968602e-20), array(-1.2961188752831794e-28), array(-1.4666490155212526e-28), array(-4.39430573605525e-22), array(6.7348469524420135e-22), array(6.734845486687102e-22), array(-6.135766608249848e-22), array(4.443339579080294e-30), array(-9.341609143729187e-28), array(4.796756559171436e-16), array(1.8636046775515664e-16), array(1.8636046775611703e-16), array(-4.328512045004986e-16), array(6.2595002441929145e-28), array(-1.4887389440829605e-29), array(-1.1027284989720332e-18), array(1.0563155313097894e-16), array(1.056315531309927e-16), array(1.0650185623478974e-16), array(1.9235580511928114e-29), array(-1.6480641820205337e-28), array(4.611715784900608e-20), array(1.3794330790127843e-20), array(1.3794331157889213e-20), array(-2.869804281500629e-20), array(1.7150151332827587e-29), array(6.393396257711362e-29), array(9.731971665367258e-20), array(2.9255282247873897e-20), array(2.9255281861088056e-20), array(-5.929508062728024e-20), array(1.5413654916404115e-28), array(9.847162016040547e-26), array(-4.2825004219003226e-14), array(-2.1382513757228783e-14), array(-2.138251375729692e-14), array(6.942901662914411e-14), array(-6.630824270396488e-26), array(3.4481808270435735e-26), array(-1.0210594870446132e-21), array(-1.9734662079456688e-22), array(-1.973727571364419e-22), array(4.859020540619391e-22), array(2.1696837938904354e-26), array(2.254099228404897e-26), array(-7.889796946275111e-22), array(-5.710641713585899e-23), array(-5.710715857150195e-23), array(4.020662409047891e-22), array(-1.4317340788184524e-27), array(2.2523249907462485e-26), array(-2.8703188084893668e-22), array(-2.0534705780302883e-22), array(-2.0538477448067283e-22), array(2.6758899445194903e-22), array(-2.9907647107303672e-27), array(-7.304855750543825e-27), array(-1.7583278259382166e-21), array(-6.101638409837943e-22), array(-6.101132189883991e-22), array(1.3721253347705314e-21), array(-2.128752675525659e-26), array(-5.125956823617707e-25), array(2.753901416995756e-13), array(1.3750102213564863e-13), array(1.3750102213622934e-13), array(-4.4646337077181483e-13), array(5.929264022491664e-25)]
This is the number of terms for VQE: 114
CALL NUMBER: 1
Energy difference: inf
('Memory usage:', 67)
CALL NUMBER: 2
Energy difference: 7.105427e-15
('Memory usage:', 67)
CALL NUMBER: 3
('Memory usage:', 67)
CALL NUMBER: 4
('Memory usage:', 67)
CALL NUMBER: 5
('Memory usage:', 67)
CALL NUMBER: 6
('Memory usage:', 67)
CALL NUMBER: 7
('Memory usage:', 67)
CALL NUMBER: 8
('Memory usage:', 67)
CALL NUMBER: 9
('Memory usage:', 67)
CALL NUMBER: 10
('Memory usage:', 67)
CALL NUMBER: 11
('Memory usage:', 67)
CALL NUMBER: 12
('Memory usage:', 67)
CALL NUMBER: 13
('Memory usage:', 67)
CALL NUMBER: 14
('Memory usage:', 67)
CALL NUMBER: 15
('Memory usage:', 67)
CALL NUMBER: 16
('Memory usage:', 67)
CALL NUMBER: 17
('Memory usage:', 67)
CALL NUMBER: 18
('Memory usage:', 67)
CALL NUMBER: 19
('Memory usage:', 67)
CALL NUMBER: 20
('Memory usage:', 67)
CALL NUMBER: 21
('Memory usage:', 67)
CALL NUMBER: 22
('Memory usage:', 67)
CALL NUMBER: 23
('Memory usage:', 67)
