dirpath None
commutators path: None
The FCIenergy from integrals file is: -7.9727715717
commutators path: None
The FCIenergy from integrals file is: -7.9727715717
commutators path: None
The FCIenergy from integrals file is: -7.9727715717
Number of terms 630
terms: [[1, -1], [2, -2], [3, -3], [4, -4], [5, -5], [6, -6], [7, -7], [8, -8], [9, -9], [10, -10], [11, -11], [12, -12], [2, 1, -1, -2], [3, 1, -1, -3], [3, 2, -2, -3], [4, 1, -1, -4], [4, 2, -2, -4], [4, 3, -3, -4], [5, 1, -1, -5], [5, 2, -2, -5], [5, 3, -3, -5], [5, 4, -4, -5], [6, 1, -1, -6], [6, 2, -2, -6], [6, 3, -3, -6], [6, 4, -4, -6], [6, 5, -5, -6], [7, 1, -1, -7], [7, 2, -2, -7], [7, 3, -3, -7], [7, 4, -4, -7], [7, 5, -5, -7], [7, 6, -6, -7], [8, 1, -1, -8], [8, 2, -2, -8], [8, 3, -3, -8], [8, 4, -4, -8], [8, 5, -5, -8], [8, 6, -6, -8], [8, 7, -7, -8], [9, 1, -1, -9], [9, 2, -2, -9], [9, 3, -3, -9], [9, 4, -4, -9], [9, 5, -5, -9], [9, 6, -6, -9], [9, 7, -7, -9], [9, 8, -8, -9], [10, 1, -1, -10], [10, 2, -2, -10], [10, 3, -3, -10], [10, 4, -4, -10], [10, 5, -5, -10], [10, 6, -6, -10], [10, 7, -7, -10], [10, 8, -8, -10], [10, 9, -9, -10], [11, 1, -1, -11], [11, 2, -2, -11], [11, 3, -3, -11], [11, 4, -4, -11], [11, 5, -5, -11], [11, 6, -6, -11], [11, 7, -7, -11], [11, 8, -8, -11], [11, 9, -9, -11], [11, 10, -10, -11], [12, 1, -1, -12], [12, 2, -2, -12], [12, 3, -3, -12], [12, 4, -4, -12], [12, 5, -5, -12], [12, 6, -6, -12], [12, 7, -7, -12], [12, 8, -8, -12], [12, 9, -9, -12], [12, 10, -10, -12], [12, 11, -11, -12], [1, -3], [1, -5], [1, -11], [2, -4], [2, 1, -1, -4], [2, -6], [2, 1, -1, -6], [2, -12], [2, 1, -1, -12], [3, -1], [3, -5], [3, 1, -1, -5], [3, 2, -2, -5], [3, -11], [3, 1, -1, -11], [3, 2, -2, -11], [4, -2], [4, 1, -1, -2], [4, -6], [4, 1, -1, -6], [4, 2, -2, -6], [4, 3, -3, -6], [4, -12], [4, 1, -1, -12], [4, 2, -2, -12], [4, 3, -3, -12], [5, -1], [5, -3], [5, 1, -1, -3], [5, 2, -2, -3], [5, -11], [5, 1, -1, -11], [5, 2, -2, -11], [5, 3, -3, -11], [5, 4, -4, -11], [6, -2], [6, 1, -1, -2], [6, -4], [6, 1, -1, -4], [6, 2, -2, -4], [6, 3, -3, -4], [6, -12], [6, 1, -1, -12], [6, 2, -2, -12], [6, 3, -3, -12], [6, 4, -4, -12], [6, 5, -5, -12], [11, -1], [11, -3], [11, 1, -1, -3], [11, 2, -2, -3], [11, -5], [11, 1, -1, -5], [11, 2, -2, -5], [11, 3, -3, -5], [11, 4, -4, -5], [12, -2], [12, 1, -1, -2], [12, -4], [12, 1, -1, -4], [12, 2, -2, -4], [12, 3, -3, -4], [12, -6], [12, 1, -1, -6], [12, 2, -2, -6], [12, 3, -3, -6], [12, 4, -4, -6], [12, 5, -5, -6], [2, 1, -2, -3], [2, 1, -2, -5], [2, 1, -2, -11], [2, 1, -3, -4], [2, 1, -3, -6], [2, 1, -3, -12], [2, 1, -4, -5], [2, 1, -4, -11], [2, 1, -5, -6], [2, 1, -5, -12], [2, 1, -6, -11], [2, 1, -7, -8], [2, 1, -9, -10], [2, 1, -11, -12], [3, 1, -3, -5], [3, 1, -3, -11], [3, 1, -5, -11], [3, 2, -1, -2], [3, 2, -1, -4], [3, 2, -1, -6], [3, 2, -1, -12], [3, 2, -3, -4], [3, 2, -3, -6], [3, 2, -3, -12], [3, 2, -4, -5], [3, 2, -4, -11], [3, 2, -5, -6], [3, 2, -5, -12], [3, 2, -6, -11], [3, 2, -7, -8], [3, 2, -9, -10], [3, 2, -11, -12], [4, 1, -2, -3], [4, 1, -2, -5], [4, 1, -2, -11], [4, 1, -3, -4], [4, 1, -3, -6], [4, 1, -3, -12], [4, 1, -4, -5], [4, 1, -4, -11], [4, 1, -5, -6], [4, 1, -5, -12], [4, 1, -6, -11], [4, 1, -7, -8], [4, 1, -9, -10], [4, 1, -11, -12], [4, 2, -4, -6], [4, 2, -4, -12], [4, 2, -6, -12], [4, 3, -1, -2], [4, 3, -1, -4], [4, 3, -1, -6], [4, 3, -1, -12], [4, 3, -2, -3], [4, 3, -2, -5], [4, 3, -2, -11], [4, 3, -4, -5], [4, 3, -4, -11], [4, 3, -5, -6], [4, 3, -5, -12], [4, 3, -6, -11], [4, 3, -7, -8], [4, 3, -9, -10], [4, 3, -11, -12], [5, 1, -3, -5], [5, 1, -3, -11], [5, 1, -5, -11], [5, 2, -1, -2], [5, 2, -1, -4], [5, 2, -1, -6], [5, 2, -1, -12], [5, 2, -3, -4], [5, 2, -3, -6], [5, 2, -3, -12], [5, 2, -4, -5], [5, 2, -4, -11], [5, 2, -5, -6], [5, 2, -5, -12], [5, 2, -6, -11], [5, 2, -7, -8], [5, 2, -9, -10], [5, 2, -11, -12], [5, 3, -1, -3], [5, 3, -1, -5], [5, 3, -1, -11], [5, 3, -5, -11], [5, 4, -1, -2], [5, 4, -1, -4], [5, 4, -1, -6], [5, 4, -1, -12], [5, 4, -2, -3], [5, 4, -2, -5], [5, 4, -2, -11], [5, 4, -3, -4], [5, 4, -3, -6], [5, 4, -3, -12], [5, 4, -5, -6], [5, 4, -5, -12], [5, 4, -6, -11], [5, 4, -7, -8], [5, 4, -9, -10], [5, 4, -11, -12], [6, 1, -2, -3], [6, 1, -2, -5], [6, 1, -2, -11], [6, 1, -3, -4], [6, 1, -3, -6], [6, 1, -3, -12], [6, 1, -4, -5], [6, 1, -4, -11], [6, 1, -5, -6], [6, 1, -5, -12], [6, 1, -6, -11], [6, 1, -7, -8], [6, 1, -9, -10], [6, 1, -11, -12], [6, 2, -4, -6], [6, 2, -4, -12], [6, 2, -6, -12], [6, 3, -1, -2], [6, 3, -1, -4], [6, 3, -1, -6], [6, 3, -1, -12], [6, 3, -2, -3], [6, 3, -2, -5], [6, 3, -2, -11], [6, 3, -4, -5], [6, 3, -4, -11], [6, 3, -5, -6], [6, 3, -5, -12], [6, 3, -6, -11], [6, 3, -7, -8], [6, 3, -9, -10], [6, 3, -11, -12], [6, 4, -2, -4], [6, 4, -2, -6], [6, 4, -2, -12], [6, 4, -6, -12], [6, 5, -1, -2], [6, 5, -1, -4], [6, 5, -1, -6], [6, 5, -1, -12], [6, 5, -2, -3], [6, 5, -2, -5], [6, 5, -2, -11], [6, 5, -3, -4], [6, 5, -3, -6], [6, 5, -3, -12], [6, 5, -4, -5], [6, 5, -4, -11], [6, 5, -6, -11], [6, 5, -7, -8], [6, 5, -9, -10], [6, 5, -11, -12], [7, 1, -3, -7], [7, 1, -5, -7], [7, 1, -7, -11], [7, 2, -1, -8], [7, 2, -3, -8], [7, 2, -4, -7], [7, 2, -5, -8], [7, 2, -6, -7], [7, 2, -7, -12], [7, 2, -8, -11], [7, 3, -1, -7], [7, 3, -5, -7], [7, 3, -7, -11], [7, 4, -1, -8], [7, 4, -2, -7], [7, 4, -3, -8], [7, 4, -5, -8], [7, 4, -6, -7], [7, 4, -7, -12], [7, 4, -8, -11], [7, 5, -1, -7], [7, 5, -3, -7], [7, 5, -7, -11], [7, 6, -1, -8], [7, 6, -2, -7], [7, 6, -3, -8], [7, 6, -4, -7], [7, 6, -5, -8], [7, 6, -7, -12], [7, 6, -8, -11], [8, 1, -2, -7], [8, 1, -3, -8], [8, 1, -4, -7], [8, 1, -5, -8], [8, 1, -6, -7], [8, 1, -7, -12], [8, 1, -8, -11], [8, 2, -4, -8], [8, 2, -6, -8], [8, 2, -8, -12], [8, 3, -1, -8], [8, 3, -2, -7], [8, 3, -4, -7], [8, 3, -5, -8], [8, 3, -6, -7], [8, 3, -7, -12], [8, 3, -8, -11], [8, 4, -2, -8], [8, 4, -6, -8], [8, 4, -8, -12], [8, 5, -1, -8], [8, 5, -2, -7], [8, 5, -3, -8], [8, 5, -4, -7], [8, 5, -6, -7], [8, 5, -7, -12], [8, 5, -8, -11], [8, 6, -2, -8], [8, 6, -4, -8], [8, 6, -8, -12], [8, 7, -1, -2], [8, 7, -1, -4], [8, 7, -1, -6], [8, 7, -1, -12], [8, 7, -2, -3], [8, 7, -2, -5], [8, 7, -2, -11], [8, 7, -3, -4], [8, 7, -3, -6], [8, 7, -3, -12], [8, 7, -4, -5], [8, 7, -4, -11], [8, 7, -5, -6], [8, 7, -5, -12], [8, 7, -6, -11], [8, 7, -9, -10], [8, 7, -11, -12], [9, 1, -3, -9], [9, 1, -5, -9], [9, 1, -9, -11], [9, 2, -1, -10], [9, 2, -3, -10], [9, 2, -4, -9], [9, 2, -5, -10], [9, 2, -6, -9], [9, 2, -9, -12], [9, 2, -10, -11], [9, 3, -1, -9], [9, 3, -5, -9], [9, 3, -9, -11], [9, 4, -1, -10], [9, 4, -2, -9], [9, 4, -3, -10], [9, 4, -5, -10], [9, 4, -6, -9], [9, 4, -9, -12], [9, 4, -10, -11], [9, 5, -1, -9], [9, 5, -3, -9], [9, 5, -9, -11], [9, 6, -1, -10], [9, 6, -2, -9], [9, 6, -3, -10], [9, 6, -4, -9], [9, 6, -5, -10], [9, 6, -9, -12], [9, 6, -10, -11], [9, 8, -7, -10], [10, 1, -2, -9], [10, 1, -3, -10], [10, 1, -4, -9], [10, 1, -5, -10], [10, 1, -6, -9], [10, 1, -9, -12], [10, 1, -10, -11], [10, 2, -4, -10], [10, 2, -6, -10], [10, 2, -10, -12], [10, 3, -1, -10], [10, 3, -2, -9], [10, 3, -4, -9], [10, 3, -5, -10], [10, 3, -6, -9], [10, 3, -9, -12], [10, 3, -10, -11], [10, 4, -2, -10], [10, 4, -6, -10], [10, 4, -10, -12], [10, 5, -1, -10], [10, 5, -2, -9], [10, 5, -3, -10], [10, 5, -4, -9], [10, 5, -6, -9], [10, 5, -9, -12], [10, 5, -10, -11], [10, 6, -2, -10], [10, 6, -4, -10], [10, 6, -10, -12], [10, 7, -8, -9], [10, 9, -1, -2], [10, 9, -1, -4], [10, 9, -1, -6], [10, 9, -1, -12], [10, 9, -2, -3], [10, 9, -2, -5], [10, 9, -2, -11], [10, 9, -3, -4], [10, 9, -3, -6], [10, 9, -3, -12], [10, 9, -4, -5], [10, 9, -4, -11], [10, 9, -5, -6], [10, 9, -5, -12], [10, 9, -6, -11], [10, 9, -7, -8], [10, 9, -11, -12], [11, 1, -3, -5], [11, 1, -3, -11], [11, 1, -5, -11], [11, 2, -1, -2], [11, 2, -1, -4], [11, 2, -1, -6], [11, 2, -1, -12], [11, 2, -3, -4], [11, 2, -3, -6], [11, 2, -3, -12], [11, 2, -4, -5], [11, 2, -4, -11], [11, 2, -5, -6], [11, 2, -5, -12], [11, 2, -6, -11], [11, 2, -7, -8], [11, 2, -9, -10], [11, 2, -11, -12], [11, 3, -1, -3], [11, 3, -1, -5], [11, 3, -1, -11], [11, 3, -5, -11], [11, 4, -1, -2], [11, 4, -1, -4], [11, 4, -1, -6], [11, 4, -1, -12], [11, 4, -2, -3], [11, 4, -2, -5], [11, 4, -2, -11], [11, 4, -3, -4], [11, 4, -3, -6], [11, 4, -3, -12], [11, 4, -5, -6], [11, 4, -5, -12], [11, 4, -6, -11], [11, 4, -7, -8], [11, 4, -9, -10], [11, 4, -11, -12], [11, 5, -1, -3], [11, 5, -1, -5], [11, 5, -1, -11], [11, 5, -3, -5], [11, 5, -3, -11], [11, 6, -1, -2], [11, 6, -1, -4], [11, 6, -1, -6], [11, 6, -1, -12], [11, 6, -2, -3], [11, 6, -2, -5], [11, 6, -2, -11], [11, 6, -3, -4], [11, 6, -3, -6], [11, 6, -3, -12], [11, 6, -4, -5], [11, 6, -4, -11], [11, 6, -5, -6], [11, 6, -5, -12], [11, 6, -7, -8], [11, 6, -9, -10], [11, 6, -11, -12], [11, 7, -1, -7], [11, 7, -3, -7], [11, 7, -5, -7], [11, 8, -1, -8], [11, 8, -2, -7], [11, 8, -3, -8], [11, 8, -4, -7], [11, 8, -5, -8], [11, 8, -6, -7], [11, 8, -7, -12], [11, 9, -1, -9], [11, 9, -3, -9], [11, 9, -5, -9], [11, 10, -1, -10], [11, 10, -2, -9], [11, 10, -3, -10], [11, 10, -4, -9], [11, 10, -5, -10], [11, 10, -6, -9], [11, 10, -9, -12], [12, 1, -2, -3], [12, 1, -2, -5], [12, 1, -2, -11], [12, 1, -3, -4], [12, 1, -3, -6], [12, 1, -3, -12], [12, 1, -4, -5], [12, 1, -4, -11], [12, 1, -5, -6], [12, 1, -5, -12], [12, 1, -6, -11], [12, 1, -7, -8], [12, 1, -9, -10], [12, 1, -11, -12], [12, 2, -4, -6], [12, 2, -4, -12], [12, 2, -6, -12], [12, 3, -1, -2], [12, 3, -1, -4], [12, 3, -1, -6], [12, 3, -1, -12], [12, 3, -2, -3], [12, 3, -2, -5], [12, 3, -2, -11], [12, 3, -4, -5], [12, 3, -4, -11], [12, 3, -5, -6], [12, 3, -5, -12], [12, 3, -6, -11], [12, 3, -7, -8], [12, 3, -9, -10], [12, 3, -11, -12], [12, 4, -2, -4], [12, 4, -2, -6], [12, 4, -2, -12], [12, 4, -6, -12], [12, 5, -1, -2], [12, 5, -1, -4], [12, 5, -1, -6], [12, 5, -1, -12], [12, 5, -2, -3], [12, 5, -2, -5], [12, 5, -2, -11], [12, 5, -3, -4], [12, 5, -3, -6], [12, 5, -3, -12], [12, 5, -4, -5], [12, 5, -4, -11], [12, 5, -6, -11], [12, 5, -7, -8], [12, 5, -9, -10], [12, 5, -11, -12], [12, 6, -2, -4], [12, 6, -2, -6], [12, 6, -2, -12], [12, 6, -4, -6], [12, 6, -4, -12], [12, 7, -1, -8], [12, 7, -2, -7], [12, 7, -3, -8], [12, 7, -4, -7], [12, 7, -5, -8], [12, 7, -6, -7], [12, 7, -8, -11], [12, 8, -2, -8], [12, 8, -4, -8], [12, 8, -6, -8], [12, 9, -1, -10], [12, 9, -2, -9], [12, 9, -3, -10], [12, 9, -4, -9], [12, 9, -5, -10], [12, 9, -6, -9], [12, 9, -10, -11], [12, 10, -2, -10], [12, 10, -4, -10], [12, 10, -6, -10], [12, 11, -1, -2], [12, 11, -1, -4], [12, 11, -1, -6], [12, 11, -1, -12], [12, 11, -2, -3], [12, 11, -2, -5], [12, 11, -2, -11], [12, 11, -3, -4], [12, 11, -3, -6], [12, 11, -3, -12], [12, 11, -4, -5], [12, 11, -4, -11], [12, 11, -5, -6], [12, 11, -5, -12], [12, 11, -6, -11], [12, 11, -7, -8], [12, 11, -9, -10]]
n orbitals: 12
['CMO']
CMO
the minimum energy in the energy vector is: -8.99698559952 -8.99698559952
  (0, 0)	-7.73501399269e-19
  (1, 0)	4.79872865702e-20
  (2, 0)	-5.60957680046e-18
  (3, 0)	-1.89261013528e-18
  (4, 0)	1.5559189881e-19
  (5, 0)	-7.66086536323e-19
  (6, 0)	3.33960126273e-18
  (7, 0)	-1.98037186076e-18
  (8, 0)	1.96239331363e-18
  (9, 0)	-7.7665759722e-19
  (10, 0)	-6.31540849542e-20
  (11, 0)	3.42146465799e-18
  (12, 0)	-4.38554657047e-19
  (13, 0)	-4.38563502653e-18
  (14, 0)	3.03095298718e-18
  (15, 0)	0.000245770128342
  (16, 0)	-1.64733155457e-18
  (17, 0)	-5.03833273605e-20
  (18, 0)	2.60862756949e-20
  (19, 0)	2.40892583994e-18
  (20, 0)	-2.22594886222e-19
  (21, 0)	-2.79050165338e-19
  (22, 0)	1.36836861059e-19
  (23, 0)	-2.37171182874e-18
  (24, 0)	-1.11478751697e-18
  :	:
  (4071, 0)	1.33241578426e-18
  (4072, 0)	1.88594812288e-17
  (4073, 0)	-1.36300339797e-17
  (4074, 0)	1.30928407836e-17
  (4075, 0)	1.14306265165e-18
  (4076, 0)	6.26673483291e-18
  (4077, 0)	-5.10095319292e-19
  (4078, 0)	-5.96018597627e-19
  (4079, 0)	-5.78705019237e-19
  (4080, 0)	9.3560077231e-18
  (4081, 0)	-1.68311771945e-17
  (4082, 0)	-1.10010863451e-18
  (4083, 0)	2.80974565831e-19
  (4084, 0)	1.23279748195e-17
  (4085, 0)	5.02788561452e-18
  (4086, 0)	1.97490654739e-18
  (4087, 0)	7.96095557261e-20
  (4088, 0)	1.68191304731e-17
  (4089, 0)	-3.07535274433e-18
  (4090, 0)	-7.24090990257e-19
  (4091, 0)	4.18809103486e-19
  (4092, 0)	2.22186899841e-18
  (4093, 0)	1.15600802669e-18
  (4094, 0)	4.81954160678e-19
  (4095, 0)	-4.12169074966e-19
the minimum energy in the energy vector is: -7.90469967597 -7.90469967597
  (0, 0)	1.23637653669e-18
  (1, 0)	1.04222134158e-18
  (2, 0)	5.57581800197e-19
  (3, 0)	-0.00141019881959
  (4, 0)	-4.40165558007e-19
  (5, 0)	-1.26617904298e-17
  (6, 0)	-7.8604134135e-18
  (7, 0)	-1.26320701991e-18
  (8, 0)	2.6455041552e-19
  (9, 0)	3.63227836781e-17
  (10, 0)	3.09279401556e-17
  (11, 0)	-3.98849970508e-19
  (12, 0)	-0.00160940003303
  (13, 0)	4.25440927155e-19
  (14, 0)	7.91836683099e-19
  (15, 0)	-4.41002965478e-19
  (16, 0)	-4.64161520154e-19
  (17, 0)	-2.56030688211e-17
  (18, 0)	-5.70527914581e-17
  (19, 0)	3.2647368074e-19
  (20, 0)	3.45736634465e-17
  (21, 0)	-9.35775806995e-19
  (22, 0)	-8.49735694947e-19
  (23, 0)	-9.35119282547e-19
  (24, 0)	3.74157069233e-18
  :	:
  (4071, 0)	1.08199023029e-18
  (4072, 0)	3.93661301648e-19
  (4073, 0)	1.26552915666e-18
  (4074, 0)	-1.18606419964e-18
  (4075, 0)	-5.94591068441e-19
  (4076, 0)	7.90270235438e-19
  (4077, 0)	1.19075887801e-18
  (4078, 0)	-9.31624697139e-19
  (4079, 0)	-1.27129990924e-18
  (4080, 0)	6.20671980124e-19
  (4081, 0)	2.35815170736e-19
  (4082, 0)	-1.11358394515e-18
  (4083, 0)	-1.05525936338e-19
  (4084, 0)	-1.27460388074e-18
  (4085, 0)	4.43948916252e-19
  (4086, 0)	1.84313230692e-19
  (4087, 0)	3.64157744939e-19
  (4088, 0)	7.40436773024e-19
  (4089, 0)	-1.28916029124e-18
  (4090, 0)	9.07344488445e-19
  (4091, 0)	-9.67792328135e-19
  (4092, 0)	-1.64334157986e-19
  (4093, 0)	-2.9973089791e-19
  (4094, 0)	8.95601891374e-19
  (4095, 0)	-1.28723601374e-18
['CMO']
electrons: 2
cosa1 (1,)
cosa2 (3,)
cosa2 (4,)
cosa2 (5,)
cosa2 (6,)
cosa2 (7,)
cosa2 (8,)
cosa2 (9,)
cosa2 (10,)
cosa2 (11,)
cosa2 (12,)
cosa1 (2,)
cosa2 (3,)
cosa2 (4,)
cosa2 (5,)
cosa2 (6,)
cosa2 (7,)
cosa2 (8,)
cosa2 (9,)
cosa2 (10,)
cosa2 (11,)
cosa2 (12,)
cosa1 (1, 2)
cosa2 (3, 4)
cosa2 (3, 5)
cosa2 (3, 6)
cosa2 (3, 7)
cosa2 (3, 8)
cosa2 (3, 9)
cosa2 (3, 10)
cosa2 (3, 11)
cosa2 (3, 12)
cosa2 (4, 5)
cosa2 (4, 6)
cosa2 (4, 7)
cosa2 (4, 8)
cosa2 (4, 9)
cosa2 (4, 10)
cosa2 (4, 11)
cosa2 (4, 12)
cosa2 (5, 6)
cosa2 (5, 7)
cosa2 (5, 8)
cosa2 (5, 9)
cosa2 (5, 10)
cosa2 (5, 11)
cosa2 (5, 12)
cosa2 (6, 7)
cosa2 (6, 8)
cosa2 (6, 9)
cosa2 (6, 10)
cosa2 (6, 11)
cosa2 (6, 12)
cosa2 (7, 8)
cosa2 (7, 9)
cosa2 (7, 10)
cosa2 (7, 11)
cosa2 (7, 12)
cosa2 (8, 9)
cosa2 (8, 10)
cosa2 (8, 11)
cosa2 (8, 12)
cosa2 (9, 10)
cosa2 (9, 11)
cosa2 (9, 12)
cosa2 (10, 11)
cosa2 (10, 12)
cosa2 (11, 12)
operators: [[3, -1], [4, -1], [5, -1], [6, -1], [7, -1], [8, -1], [9, -1], [10, -1], [11, -1], [12, -1], [3, -2], [4, -2], [5, -2], [6, -2], [7, -2], [8, -2], [9, -2], [10, -2], [11, -2], [12, -2], [4, 3, -2, -1], [5, 3, -2, -1], [6, 3, -2, -1], [7, 3, -2, -1], [8, 3, -2, -1], [9, 3, -2, -1], [10, 3, -2, -1], [11, 3, -2, -1], [12, 3, -2, -1], [5, 4, -2, -1], [6, 4, -2, -1], [7, 4, -2, -1], [8, 4, -2, -1], [9, 4, -2, -1], [10, 4, -2, -1], [11, 4, -2, -1], [12, 4, -2, -1], [6, 5, -2, -1], [7, 5, -2, -1], [8, 5, -2, -1], [9, 5, -2, -1], [10, 5, -2, -1], [11, 5, -2, -1], [12, 5, -2, -1], [7, 6, -2, -1], [8, 6, -2, -1], [9, 6, -2, -1], [10, 6, -2, -1], [11, 6, -2, -1], [12, 6, -2, -1], [8, 7, -2, -1], [9, 7, -2, -1], [10, 7, -2, -1], [11, 7, -2, -1], [12, 7, -2, -1], [9, 8, -2, -1], [10, 8, -2, -1], [11, 8, -2, -1], [12, 8, -2, -1], [10, 9, -2, -1], [11, 9, -2, -1], [12, 9, -2, -1], [11, 10, -2, -1], [12, 10, -2, -1], [12, 11, -2, -1]]
[3, -1]
[4, -1]
[5, -1]
[6, -1]
[7, -1]
[8, -1]
[9, -1]
[10, -1]
[11, -1]
[12, -1]
[3, -2]
[4, -2]
[5, -2]
[6, -2]
[7, -2]
[8, -2]
[9, -2]
[10, -2]
[11, -2]
[12, -2]
[4, 3, -2, -1]
[5, 3, -2, -1]
[6, 3, -2, -1]
[7, 3, -2, -1]
[8, 3, -2, -1]
[9, 3, -2, -1]
[10, 3, -2, -1]
[11, 3, -2, -1]
[12, 3, -2, -1]
[5, 4, -2, -1]
[6, 4, -2, -1]
[7, 4, -2, -1]
[8, 4, -2, -1]
[9, 4, -2, -1]
[10, 4, -2, -1]
[11, 4, -2, -1]
[12, 4, -2, -1]
[6, 5, -2, -1]
[7, 5, -2, -1]
[8, 5, -2, -1]
[9, 5, -2, -1]
[10, 5, -2, -1]
[11, 5, -2, -1]
[12, 5, -2, -1]
[7, 6, -2, -1]
[8, 6, -2, -1]
[9, 6, -2, -1]
[10, 6, -2, -1]
[11, 6, -2, -1]
[12, 6, -2, -1]
[8, 7, -2, -1]
[9, 7, -2, -1]
[10, 7, -2, -1]
[11, 7, -2, -1]
[12, 7, -2, -1]
[9, 8, -2, -1]
[10, 8, -2, -1]
[11, 8, -2, -1]
[12, 8, -2, -1]
[10, 9, -2, -1]
[11, 9, -2, -1]
[12, 9, -2, -1]
[11, 10, -2, -1]
[12, 10, -2, -1]
[12, 11, -2, -1]
[array(0.007383536751152973), array(6.340855861926045e-16), array(-0.023158184229478886), array(4.1075642066259755e-16), array(5.171026097823379e-16), array(4.9112174221387243e-17), array(-2.478525658221033e-16), array(1.9668725662646158e-16), array(-0.013678077326829508), array(4.0146605695602707e-16), array(4.430057027035489e-16), array(0.0073835367511532555), array(9.639881167950727e-17), array(-0.02315818422947922), array(-1.9027360813300879e-16), array(-7.755832416979406e-17), array(-5.140096808714705e-16), array(-1.8633085703000375e-16), array(-3.538307400353262e-17), array(-0.013678077326828998), array(0.005517051973225798), array(3.603952950742846e-17), array(0.004004347374539804), array(-1.2135113183880178e-17), array(-5.218091293553959e-17), array(3.061748341404384e-17), array(5.021001060797923e-17), array(-7.087487554085545e-17), array(-0.0034666194327497464), array(-0.004004347374540007), array(-4.4406483438357475e-17), array(-5.920536594377858e-17), array(5.629863241225628e-17), array(7.924928545022546e-17), array(4.939223188483051e-17), array(0.003466619432749783), array(-3.8957753304084824e-17), array(0.006188375322846518), array(3.566401816275146e-18), array(-9.216475089586555e-17), array(5.995662705338655e-17), array(1.00525282236044e-16), array(1.0585231149648855e-16), array(-0.00122391890517903), array(5.414562600951741e-17), array(-1.0344174936651473e-16), array(8.265090737411495e-17), array(3.901879212099643e-17), array(0.0012239189051789423), array(-1.4028809418782225e-16), array(0.003218108563067089), array(-1.035099321629077e-16), array(-2.034405395461218e-18), array(3.076278358110385e-17), array(-1.263986119082896e-16), array(-7.481533762373573e-18), array(-6.913247179693457e-17), array(1.1408106932374872e-16), array(5.119513689747022e-17), array(0.003218108563066993), array(-6.184259165521338e-17), array(-7.262996072429465e-17), array(1.5717449481811695e-17), array(2.5318140530412893e-17), array(0.0028197917259836095)]
This is the number of terms for VQE: 65
[3, -1] 0.007383536751152973
[5, -1] -0.023158184229478886
[11, -1] -0.013678077326829508
[4, -2] 0.0073835367511532555
[6, -2] -0.02315818422947922
[12, -2] -0.013678077326828998
[4, 3, -2, -1] 0.005517051973225798
[6, 3, -2, -1] 0.004004347374539804
[12, 3, -2, -1] -0.0034666194327497464
[5, 4, -2, -1] -0.004004347374540007
[11, 4, -2, -1] 0.003466619432749783
[6, 5, -2, -1] 0.006188375322846518
[12, 5, -2, -1] -0.00122391890517903
[11, 6, -2, -1] 0.0012239189051789423
[8, 7, -2, -1] 0.003218108563067089
[10, 9, -2, -1] 0.003218108563066993
[12, 11, -2, -1] 0.0028197917259836095
CALL NUMBER: 1
Energy difference: inf
('Memory usage:', 525)
[3, -1] 0.007383551652314167
[5, -1] -0.023158184229478886
[11, -1] -0.013678077326829508
[4, -2] 0.0073835367511532555
[6, -2] -0.02315818422947922
[12, -2] -0.013678077326828998
[4, 3, -2, -1] 0.005517051973225798
[6, 3, -2, -1] 0.004004347374539804
[12, 3, -2, -1] -0.0034666194327497464
[5, 4, -2, -1] -0.004004347374540007
[11, 4, -2, -1] 0.003466619432749783
[6, 5, -2, -1] 0.006188375322846518
[12, 5, -2, -1] -0.00122391890517903
[11, 6, -2, -1] 0.0012239189051789423
[8, 7, -2, -1] 0.003218108563067089
[10, 9, -2, -1] 0.003218108563066993
[12, 11, -2, -1] 0.0028197917259836095
